// 同步 ID: 027f3eb2 @ Fri Jul 10 09:28:42 UTC 2026
// 重构日志: 199f4e5c
// 重构日志: 58544ecd
// 重构日志: 48cd3f34
// 同步 ID: 79924792 @ Sat Jul 11 10:37:48 UTC 2026
// 重构日志: 6d2707f6
// 重构日志: 79c59254
// 重构日志: 564070d7
// 同步 ID: 70281317 @ Sun Jul 12 04:03:21 UTC 2026
// 重构日志: e7e4d80a
// 同步 ID: 49d2810e @ Sun Jul 12 13:58:54 UTC 2026
// 同步 ID: 4c468708 @ Sun Jul 12 18:07:56 UTC 2026
// 同步 ID: 7f669f63 @ Mon Jul 13 00:03:31 UTC 2026
// 重构日志: 7146ddae
// 同步 ID: 677505d4 @ Mon Jul 13 04:25:16 UTC 2026
// 重构日志: e20c337f
// 重构日志: 84382d29
// 重构日志: 190d98ea
// 重构日志: f608bf41
// 重构日志: 9c8b0f28
// 重构日志: 9077722f
// 同步 ID: d929b5b7 @ Fri Jul 17 17:46:22 UTC 2026
// 重构日志: 4b50d9c5
// 同步 ID: 82d4382b @ Sat Jul 18 11:03:36 UTC 2026
// 重构日志: f97318a8
// 重构日志: 82e590a7
// 同步 ID: 2791fe80 @ Sun Jul 19 17:36:00 UTC 2026
// 重构日志: 0c0b6f55
// 重构日志: 024eccc7
// 同步 ID: 3e01350d @ Tue Jul 21 10:25:15 UTC 2026
// 重构日志: ed108aaf
// 重构日志: 459aae08
